[debug] [2019-05-06T23:25:14.045Z] ----------------------------------------------------------------------
[debug] [2019-05-06T23:25:14.048Z] Command:       C:\Program Files\nodejs\node.exe C:\Users\syw20\AppData\Roaming\npm\node_modules\firebase-tools\lib\bin\firebase.js init
[debug] [2019-05-06T23:25:14.048Z] CLI Version:   6.8.0
[debug] [2019-05-06T23:25:14.048Z] Platform:      win32
[debug] [2019-05-06T23:25:14.048Z] Node Version:  v10.13.0
[debug] [2019-05-06T23:25:14.050Z] Time:          Mon May 06 2019 16:25:14 GMT-0700 (Pacific Daylight Time)
[debug] [2019-05-06T23:25:14.050Z] ----------------------------------------------------------------------
[debug] 
[debug] [2019-05-06T23:25:14.058Z] > command requires scopes: ["email","openid","https://www.googleapis.com/auth/cloudplatformprojects.readonly","https://www.googleapis.com/auth/firebase","https://www.googleapis.com/auth/cloud-platform"]
[debug] [2019-05-06T23:25:14.059Z] > authorizing via signed-in user
[info] 
     ######## #### ########  ######## ########     ###     ######  ########
     ##        ##  ##     ## ##       ##     ##  ##   ##  ##       ##
     ######    ##  ########  ######   ########  #########  ######  ######
     ##        ##  ##    ##  ##       ##     ## ##     ##       ## ##
     ##       #### ##     ## ######## ########  ##     ##  ######  ########

You're about to initialize a Firebase project in this directory:

  C:\Users\syw20\maycare2

[info] 
=== Project Setup
[info] 
[info] First, let's associate this project directory with a Firebase project.
[info] You can create multiple project aliases by running firebase use --add, 
[info] but for now we'll just set up a default project.
[info] 
[debug] [2019-05-06T23:25:26.945Z] > refreshing access token with scopes: ["email","https://www.googleapis.com/auth/cloud-platform","https://www.googleapis.com/auth/cloudplatformprojects.readonly","https://www.googleapis.com/auth/firebase","openid"]
[debug] [2019-05-06T23:25:26.945Z] >>> HTTP REQUEST POST https://www.googleapis.com/oauth2/v3/token  
 <request body omitted>
[debug] [2019-05-06T23:25:27.446Z] <<< HTTP RESPONSE 200
[debug] [2019-05-06T23:25:27.466Z] >>> HTTP REQUEST GET https://firebase.googleapis.com/v1beta1/projects?page_size=100  
 
[debug] [2019-05-06T23:25:28.075Z] <<< HTTP RESPONSE 200
[info] i  Using project carehome-submission-form (Carehome Submission Form)
[info] 
=== Database Setup
[info] 
[info] Firebase Realtime Database Rules allow you to define how your data should be
[info] structured and when your data can be read from and written to.
[info] 
